<?xml version="1.0" encoding="UTF-8"?>
<!-- Generated by org.testng.reporters.JUnitReportReporter -->
<testsuite skipped="0" hostname="DESKTOP-HKLSDPD" name="com.auto.test.TravelPage.TestTravelPage" tests="1" failures="0" timestamp="23 May 2019 17:34:16 GMT" time="26.443" errors="0">
  <testcase name="testTravelPage" time="26.443" classname="com.auto.test.TravelPage.TestTravelPage"/>
</testsuite> <!-- com.auto.test.TravelPage.TestTravelPage -->
